

Microchip Technology PIC LITE Macro Assembler V1.45 build -152302408 
                                                                                               Tue Feb 27 18:12:37 2018

Microchip Technology Omniscient Code Generator v1.45 (Free mode) build 201711160504
     1                           	processor	16F887
     2                           	opt	pw 120
     3                           	opt	lm
     4                           	psect	cinit,global,class=CODE,merge=1,delta=2
     5                           	psect	cstackCOMMON,global,class=COMMON,space=1,delta=1
     6                           	psect	maintext,global,class=CODE,split=1,delta=2
     7                           	dabs	1,0x7E,2
     8  0000                     
     9                           ; Version 1.45
    10                           ; Generated 16/11/2017 GMT
    11                           ; 
    12                           ; Copyright © 2017, Microchip Technology Inc. and its subsidiaries ("Microchip")
    13                           ; All rights reserved.
    14                           ; 
    15                           ; This software is developed by Microchip Technology Inc. and its subsidiaries ("Microch
      +                          ip").
    16                           ; 
    17                           ; Redistribution and use in source and binary forms, with or without modification, are
    18                           ; permitted provided that the following conditions are met:
    19                           ; 
    20                           ;     1. Redistributions of source code must retain the above copyright notice, this lis
      +                          t of
    21                           ;        conditions and the following disclaimer.
    22                           ; 
    23                           ;     2. Redistributions in binary form must reproduce the above copyright notice, this 
      +                          list
    24                           ;        of conditions and the following disclaimer in the documentation and/or other
    25                           ;        materials provided with the distribution.
    26                           ; 
    27                           ;     3. Microchip's name may not be used to endorse or promote products derived from th
      +                          is
    28                           ;        software without specific prior written permission.
    29                           ; 
    30                           ; THIS SOFTWARE IS PROVIDED BY MICROCHIP "AS IS" AND ANY EXPRESS OR IMPLIED WARRANTIES,
    31                           ; INCLUDING, BUT NOT LIMITED TO, THE IMPLIED WARRANTIES OF MERCHANTABILITY AND FITNESS F
      +                          OR
    32                           ; PURPOSE ARE DISCLAIMED.  IN NO EVENT SHALL MICROCHIP BE LIABLE FOR ANY DIRECT, INDIREC
      +                          T,
    33                           ; INCIDENTAL, SPECIAL, EXEMPLARY, OR CONSEQUENTIAL DAMAGES (INCLUDING BUT NOT LIMITED TO
    34                           ; PROCUREMENT OF SUBSTITUTE GOODS OR SERVICES; LOSS OF USE, DATA OR PROFITS; OR BUSINESS
    35                           ; INTERRUPTION) HOWSOEVER CAUSED AND ON ANY THEORY OF LIABILITY, WHETHER IN CONTRACT, ST
      +                          RICT
    36                           ; LIABILITY, OR TORT (INCLUDING NEGLIGENCE OR OTHERWISE) ARISING IN ANY WAY OUT OF THE U
      +                          SE OF
    37                           ; THIS SOFTWARE, EVEN IF ADVISED OF THE POSSIBILITY OF SUCH DAMAGE.
    38                           ; 
    39                           ; 
    40                           ; Code-generator required, PIC16F887 Definitions
    41                           ; 
    42                           ; SFR Addresses
    43  0000                     	;# 
    44  0001                     	;# 
    45  0002                     	;# 
    46  0003                     	;# 
    47  0004                     	;# 
    48  0005                     	;# 
    49  0006                     	;# 
    50  0007                     	;# 
    51  0008                     	;# 
    52  0009                     	;# 
    53  000A                     	;# 
    54  000B                     	;# 
    55  000C                     	;# 
    56  000D                     	;# 
    57  000E                     	;# 
    58  000E                     	;# 
    59  000F                     	;# 
    60  0010                     	;# 
    61  0011                     	;# 
    62  0012                     	;# 
    63  0013                     	;# 
    64  0014                     	;# 
    65  0015                     	;# 
    66  0015                     	;# 
    67  0016                     	;# 
    68  0017                     	;# 
    69  0018                     	;# 
    70  0019                     	;# 
    71  001A                     	;# 
    72  001B                     	;# 
    73  001B                     	;# 
    74  001C                     	;# 
    75  001D                     	;# 
    76  001E                     	;# 
    77  001F                     	;# 
    78  0081                     	;# 
    79  0085                     	;# 
    80  0086                     	;# 
    81  0087                     	;# 
    82  0088                     	;# 
    83  0089                     	;# 
    84  008C                     	;# 
    85  008D                     	;# 
    86  008E                     	;# 
    87  008F                     	;# 
    88  0090                     	;# 
    89  0091                     	;# 
    90  0092                     	;# 
    91  0093                     	;# 
    92  0093                     	;# 
    93  0093                     	;# 
    94  0094                     	;# 
    95  0095                     	;# 
    96  0096                     	;# 
    97  0097                     	;# 
    98  0098                     	;# 
    99  0099                     	;# 
   100  009A                     	;# 
   101  009B                     	;# 
   102  009C                     	;# 
   103  009D                     	;# 
   104  009E                     	;# 
   105  009F                     	;# 
   106  0105                     	;# 
   107  0107                     	;# 
   108  0108                     	;# 
   109  0109                     	;# 
   110  010C                     	;# 
   111  010C                     	;# 
   112  010D                     	;# 
   113  010E                     	;# 
   114  010F                     	;# 
   115  0185                     	;# 
   116  0187                     	;# 
   117  0188                     	;# 
   118  0189                     	;# 
   119  018C                     	;# 
   120  018D                     	;# 
   121  0006                     _PORTB	set	6
   122  0086                     _TRISB	set	134
   123  0189                     _ANSELH	set	393
   124                           
   125                           ; #config settings
   126  0000                     
   127                           	psect	cinit
   128  07FC                     start_initialization:	
   129  07FC                     __initialization:	
   130  07FC                     end_of_initialization:	
   131                           ;End of C runtime variable initialization code
   132                           
   133  07FC                     __end_of__initialization:	
   134  07FC  0183               	clrf	3
   135  07FD  120A  118A  2FE4   	ljmp	_main	;jump to C main() function
   136                           
   137                           	psect	cstackCOMMON
   138  0070                     __pcstackCOMMON:	
   139  0070                     ?_main:	
   140  0070                     ??_main:	
   141                           ; 1 bytes @ 0x0
   142                           
   143                           
   144                           ; 1 bytes @ 0x0
   145  0070                     	ds	1
   146  0071                     main@t:	
   147                           
   148                           ; 1 bytes @ 0x1
   149  0071                     	ds	1
   150                           
   151                           	psect	maintext
   152  07E4                     __pmaintext:	
   153 ;;
   154 ;;Main: autosize = 0, tempsize = 1, incstack = 0, save=0
   155 ;;
   156 ;; *************** function _main *****************
   157 ;; Defined at:
   158 ;;		line 5 in file "puerto.c"
   159 ;; Parameters:    Size  Location     Type
   160 ;;		None
   161 ;; Auto vars:     Size  Location     Type
   162 ;;  t               1    1[COMMON] unsigned char 
   163 ;; Return value:  Size  Location     Type
   164 ;;                  1    wreg      void 
   165 ;; Registers used:
   166 ;;		wreg, status,2, status,0
   167 ;; Tracked objects:
   168 ;;		On entry : B00/0
   169 ;;		On exit  : 0/0
   170 ;;		Unchanged: 0/0
   171 ;; Data sizes:     COMMON   BANK0   BANK1   BANK3   BANK2
   172 ;;      Params:         0       0       0       0       0
   173 ;;      Locals:         1       0       0       0       0
   174 ;;      Temps:          1       0       0       0       0
   175 ;;      Totals:         2       0       0       0       0
   176 ;;Total ram usage:        2 bytes
   177 ;; This function calls:
   178 ;;		Nothing
   179 ;; This function is called by:
   180 ;;		Startup code after reset
   181 ;; This function uses a non-reentrant model
   182 ;;
   183                           
   184                           
   185                           ;psect for function _main
   186  07E4                     _main:	
   187                           
   188                           ;puerto.c: 6: unsigned char t = 0;
   189                           
   190                           ;incstack = 0
   191                           ; Regs used in _main: [wreg+status,2+status,0]
   192  07E4  01F1               	clrf	main@t
   193                           
   194                           ;puerto.c: 7: TRISB = 0x00;
   195  07E5  1683               	bsf	3,5	;RP0=1, select bank1
   196  07E6  1303               	bcf	3,6	;RP1=0, select bank1
   197  07E7  0186               	clrf	6	;volatile
   198                           
   199                           ;puerto.c: 8: ANSELH=0;
   200  07E8  1683               	bsf	3,5	;RP0=1, select bank3
   201  07E9  1703               	bsf	3,6	;RP1=1, select bank3
   202  07EA  0189               	clrf	9	;volatile
   203  07EB                     l476:	
   204                           ;puerto.c: 9: while (1) {
   205                           
   206                           
   207                           ;puerto.c: 10: PORTB=0XF0; t=t+1;
   208  07EB  30F0               	movlw	240
   209  07EC  1283               	bcf	3,5	;RP0=0, select bank0
   210  07ED  1303               	bcf	3,6	;RP1=0, select bank0
   211  07EE  0086               	movwf	6	;volatile
   212  07EF  0871               	movf	main@t,w
   213  07F0  3E01               	addlw	1
   214  07F1  00F0               	movwf	??_main
   215  07F2  0870               	movf	??_main,w
   216  07F3  00F1               	movwf	main@t
   217                           
   218                           ;puerto.c: 11: PORTB=0X0F; t=t+1;
   219  07F4  300F               	movlw	15
   220  07F5  0086               	movwf	6	;volatile
   221  07F6  0871               	movf	main@t,w
   222  07F7  3E01               	addlw	1
   223  07F8  00F0               	movwf	??_main
   224  07F9  0870               	movf	??_main,w
   225  07FA  00F1               	movwf	main@t
   226  07FB  2FEB               	goto	l476
   227  07FC                     __end_of_main:	
   228  007E                     btemp	set	126	;btemp
   229  007E                     wtemp0	set	126


Data Sizes:
    Strings     0
    Constant    0
    Data        0
    BSS         0
    Persistent  0
    Stack       0

Auto Spaces:
    Space          Size  Autos    Used
    COMMON           14      2       2
    BANK0            80      0       0
    BANK1            80      0       0
    BANK3            96      0       0
    BANK2            96      0       0

Pointer List with Targets:

    None.

Critical Paths under _main in COMMON

    None.

Critical Paths under _main in BANK0

    None.

Critical Paths under _main in BANK1

    None.

Critical Paths under _main in BANK3

    None.

Critical Paths under _main in BANK2

    None.

Call Graph Tables:

 ---------------------------------------------------------------------------------
 (Depth) Function   	        Calls       Base Space   Used Autos Params    Refs
 ---------------------------------------------------------------------------------
 (0) _main                                                 2     2      0      30
                                              0 COMMON     2     2      0
 ---------------------------------------------------------------------------------
 Estimated maximum stack depth 0
 ---------------------------------------------------------------------------------

 Call Graph Graphs:

 _main (ROOT)

 Address spaces:
Name               Size   Autos  Total    Cost      Usage
BITCOMMON            E      0       0       0        0.0%
EEDATA             100      0       0       0        0.0%
NULL                 0      0       0       0        0.0%
CODE                 0      0       0       0        0.0%
COMMON               E      2       2       1       14.3%
BITSFR0              0      0       0       1        0.0%
SFR0                 0      0       0       1        0.0%
BITSFR1              0      0       0       2        0.0%
SFR1                 0      0       0       2        0.0%
STACK                0      0       0       2        0.0%
ABS                  0      0       0       3        0.0%
BITBANK0            50      0       0       4        0.0%
BITSFR3              0      0       0       4        0.0%
SFR3                 0      0       0       4        0.0%
BANK0               50      0       0       5        0.0%
BITSFR2              0      0       0       5        0.0%
SFR2                 0      0       0       5        0.0%
BITBANK1            50      0       0       6        0.0%
BANK1               50      0       0       7        0.0%
BITBANK3            60      0       0       8        0.0%
BANK3               60      0       0       9        0.0%
BITBANK2            60      0       0      10        0.0%
BANK2               60      0       0      11        0.0%
DATA                 0      0       0      12        0.0%


Microchip Technology PIC Macro Assembler V1.45 build -152302408 
Symbol Table                                                                                   Tue Feb 27 18:12:37 2018

                     l476 07EB                      _main 07E4                      btemp 007E  
                    start 0000                     ?_main 0070             __CFG_WDTE$OFF 0000  
                   _PORTB 0006                     _TRISB 0086                     main@t 0071  
                   status 0003                     wtemp0 007E           __initialization 07FC  
            __end_of_main 07FC                    ??_main 0070                    _ANSELH 0189  
 __end_of__initialization 07FC            __pcstackCOMMON 0070                __pmaintext 07E4  
    end_of_initialization 07FC       start_initialization 07FC  __CFG_FOSC$INTRC_NOCLKOUT 0000  
               ___latbits 0002             __size_of_main 0018  
