

Microchip Technology PIC LITE Macro Assembler V1.45 build -152302408 
                                                                                               Thu Mar  1 18:30:32 2018

Microchip Technology Omniscient Code Generator v1.45 (Free mode) build 201711160504
     1                           	processor	16F887
     2                           	opt	pw 120
     3                           	opt	lm
     4                           	psect	cinit,global,class=CODE,merge=1,delta=2
     5                           	psect	cstackCOMMON,global,class=COMMON,space=1,delta=1
     6                           	psect	maintext,global,class=CODE,split=1,delta=2
     7                           	dabs	1,0x7E,2
     8  0000                     
     9                           ; Version 1.45
    10                           ; Generated 16/11/2017 GMT
    11                           ; 
    12                           ; Copyright © 2017, Microchip Technology Inc. and its subsidiaries ("Microchip")
    13                           ; All rights reserved.
    14                           ; 
    15                           ; This software is developed by Microchip Technology Inc. and its subsidiaries ("Microch
      +                          ip").
    16                           ; 
    17                           ; Redistribution and use in source and binary forms, with or without modification, are
    18                           ; permitted provided that the following conditions are met:
    19                           ; 
    20                           ;     1. Redistributions of source code must retain the above copyright notice, this lis
      +                          t of
    21                           ;        conditions and the following disclaimer.
    22                           ; 
    23                           ;     2. Redistributions in binary form must reproduce the above copyright notice, this 
      +                          list
    24                           ;        of conditions and the following disclaimer in the documentation and/or other
    25                           ;        materials provided with the distribution.
    26                           ; 
    27                           ;     3. Microchip's name may not be used to endorse or promote products derived from th
      +                          is
    28                           ;        software without specific prior written permission.
    29                           ; 
    30                           ; THIS SOFTWARE IS PROVIDED BY MICROCHIP "AS IS" AND ANY EXPRESS OR IMPLIED WARRANTIES,
    31                           ; INCLUDING, BUT NOT LIMITED TO, THE IMPLIED WARRANTIES OF MERCHANTABILITY AND FITNESS F
      +                          OR
    32                           ; PURPOSE ARE DISCLAIMED.  IN NO EVENT SHALL MICROCHIP BE LIABLE FOR ANY DIRECT, INDIREC
      +                          T,
    33                           ; INCIDENTAL, SPECIAL, EXEMPLARY, OR CONSEQUENTIAL DAMAGES (INCLUDING BUT NOT LIMITED TO
    34                           ; PROCUREMENT OF SUBSTITUTE GOODS OR SERVICES; LOSS OF USE, DATA OR PROFITS; OR BUSINESS
    35                           ; INTERRUPTION) HOWSOEVER CAUSED AND ON ANY THEORY OF LIABILITY, WHETHER IN CONTRACT, ST
      +                          RICT
    36                           ; LIABILITY, OR TORT (INCLUDING NEGLIGENCE OR OTHERWISE) ARISING IN ANY WAY OUT OF THE U
      +                          SE OF
    37                           ; THIS SOFTWARE, EVEN IF ADVISED OF THE POSSIBILITY OF SUCH DAMAGE.
    38                           ; 
    39                           ; 
    40                           ; Code-generator required, PIC16F887 Definitions
    41                           ; 
    42                           ; SFR Addresses
    43  0000                     	;# 
    44  0001                     	;# 
    45  0002                     	;# 
    46  0003                     	;# 
    47  0004                     	;# 
    48  0005                     	;# 
    49  0006                     	;# 
    50  0007                     	;# 
    51  0008                     	;# 
    52  0009                     	;# 
    53  000A                     	;# 
    54  000B                     	;# 
    55  000C                     	;# 
    56  000D                     	;# 
    57  000E                     	;# 
    58  000E                     	;# 
    59  000F                     	;# 
    60  0010                     	;# 
    61  0011                     	;# 
    62  0012                     	;# 
    63  0013                     	;# 
    64  0014                     	;# 
    65  0015                     	;# 
    66  0015                     	;# 
    67  0016                     	;# 
    68  0017                     	;# 
    69  0018                     	;# 
    70  0019                     	;# 
    71  001A                     	;# 
    72  001B                     	;# 
    73  001B                     	;# 
    74  001C                     	;# 
    75  001D                     	;# 
    76  001E                     	;# 
    77  001F                     	;# 
    78  0081                     	;# 
    79  0085                     	;# 
    80  0086                     	;# 
    81  0087                     	;# 
    82  0088                     	;# 
    83  0089                     	;# 
    84  008C                     	;# 
    85  008D                     	;# 
    86  008E                     	;# 
    87  008F                     	;# 
    88  0090                     	;# 
    89  0091                     	;# 
    90  0092                     	;# 
    91  0093                     	;# 
    92  0093                     	;# 
    93  0093                     	;# 
    94  0094                     	;# 
    95  0095                     	;# 
    96  0096                     	;# 
    97  0097                     	;# 
    98  0098                     	;# 
    99  0099                     	;# 
   100  009A                     	;# 
   101  009B                     	;# 
   102  009C                     	;# 
   103  009D                     	;# 
   104  009E                     	;# 
   105  009F                     	;# 
   106  0105                     	;# 
   107  0107                     	;# 
   108  0108                     	;# 
   109  0109                     	;# 
   110  010C                     	;# 
   111  010C                     	;# 
   112  010D                     	;# 
   113  010E                     	;# 
   114  010F                     	;# 
   115  0185                     	;# 
   116  0187                     	;# 
   117  0188                     	;# 
   118  0189                     	;# 
   119  018C                     	;# 
   120  018D                     	;# 
   121  000C                     _PIR1bits	set	12
   122  0019                     _TXREG	set	25
   123  0018                     _RCSTAbits	set	24
   124  0099                     _SPBRG	set	153
   125  0098                     _TXSTAbits	set	152
   126                           
   127                           ; #config settings
   128  0000                     
   129                           	psect	cinit
   130  07FC                     start_initialization:	
   131  07FC                     __initialization:	
   132  07FC                     end_of_initialization:	
   133                           ;End of C runtime variable initialization code
   134                           
   135  07FC                     __end_of__initialization:	
   136  07FC  0183               	clrf	3
   137  07FD  120A  118A  2FEA   	ljmp	_main	;jump to C main() function
   138                           
   139                           	psect	cstackCOMMON
   140  0000                     __pcstackCOMMON:	
   141  0000                     ?_main:	
   142  0000                     ??_main:	
   143                           ; 1 bytes @ 0x0
   144                           
   145                           
   146                           	psect	maintext
   147  07EA                     __pmaintext:	
   148                           ; 1 bytes @ 0x0
   149 ;;
   150 ;;Main: autosize = 0, tempsize = 0, incstack = 0, save=0
   151 ;;
   152 ;; *************** function _main *****************
   153 ;; Defined at:
   154 ;;		line 6 in file "transmisorTX.c"
   155 ;; Parameters:    Size  Location     Type
   156 ;;		None
   157 ;; Auto vars:     Size  Location     Type
   158 ;;  n               1    0        unsigned char 
   159 ;; Return value:  Size  Location     Type
   160 ;;                  1    wreg      void 
   161 ;; Registers used:
   162 ;;		wreg
   163 ;; Tracked objects:
   164 ;;		On entry : B00/0
   165 ;;		On exit  : 0/0
   166 ;;		Unchanged: 0/0
   167 ;; Data sizes:     COMMON   BANK0   BANK1   BANK3   BANK2
   168 ;;      Params:         0       0       0       0       0
   169 ;;      Locals:         0       0       0       0       0
   170 ;;      Temps:          0       0       0       0       0
   171 ;;      Totals:         0       0       0       0       0
   172 ;;Total ram usage:        0 bytes
   173 ;; This function calls:
   174 ;;		Nothing
   175 ;; This function is called by:
   176 ;;		Startup code after reset
   177 ;; This function uses a non-reentrant model
   178 ;;
   179                           
   180                           
   181                           ;psect for function _main
   182  07EA                     _main:	
   183                           
   184                           ;transmisorTX.c: 8: unsigned char n;
   185                           ;transmisorTX.c: 9: TXSTAbits.TXEN = 1;
   186                           
   187                           ;incstack = 0
   188                           ; Regs used in _main: [wreg]
   189  07EA  1683               	bsf	3,5	;RP0=1, select bank1
   190  07EB  1303               	bcf	3,6	;RP1=0, select bank1
   191  07EC  1698               	bsf	24,5	;volatile
   192                           
   193                           ;transmisorTX.c: 10: TXSTAbits.BRGH = 1;
   194  07ED  1518               	bsf	24,2	;volatile
   195                           
   196                           ;transmisorTX.c: 11: RCSTAbits.SPEN = 1;
   197  07EE  1283               	bcf	3,5	;RP0=0, select bank0
   198  07EF  1303               	bcf	3,6	;RP1=0, select bank0
   199  07F0  1798               	bsf	24,7	;volatile
   200                           
   201                           ;transmisorTX.c: 12: RCSTAbits.CREN = 1;
   202  07F1  1618               	bsf	24,4	;volatile
   203                           
   204                           ;transmisorTX.c: 13: SPBRG = 25;
   205  07F2  3019               	movlw	25
   206  07F3  1683               	bsf	3,5	;RP0=1, select bank1
   207  07F4  1303               	bcf	3,6	;RP1=0, select bank1
   208  07F5                     L1:	
   209  07F5  0099               	movwf	25	;volatile
   210  07F6                     l487:	
   211  07F6  1283               	bcf	3,5	;RP0=0, select bank0
   212  07F7  1A0C               	btfsc	12,4	;volatile
   213  07F8  2FF6               	goto	l487
   214                           
   215                           ;transmisorTX.c: 25: TXREG = 'U';
   216                           
   217                           ;transmisorTX.c: 23: while(PIR1bits.TXIF != 1)
   218                           
   219                           ;transmisorTX.c: 14: while(1) {
   220  07F9  3055               	movlw	85
   221  07FA  1283               	bcf	3,5	;RP0=0, select bank0
   222  07FB  2FF5               	goto	L1
   223  07FC                     __end_of_main:	
   224  007E                     btemp	set	126	;btemp
   225  007E                     wtemp0	set	126


Data Sizes:
    Strings     0
    Constant    0
    Data        0
    BSS         0
    Persistent  0
    Stack       0

Auto Spaces:
    Space          Size  Autos    Used
    COMMON           14      0       0
    BANK0            80      0       0
    BANK1            80      0       0
    BANK3            96      0       0
    BANK2            96      0       0

Pointer List with Targets:

    None.

Critical Paths under _main in COMMON

    None.

Critical Paths under _main in BANK0

    None.

Critical Paths under _main in BANK1

    None.

Critical Paths under _main in BANK3

    None.

Critical Paths under _main in BANK2

    None.

Call Graph Tables:

 ---------------------------------------------------------------------------------
 (Depth) Function   	        Calls       Base Space   Used Autos Params    Refs
 ---------------------------------------------------------------------------------
 (0) _main                                                 1     1      0       0
 ---------------------------------------------------------------------------------
 Estimated maximum stack depth 0
 ---------------------------------------------------------------------------------

 Call Graph Graphs:

 _main (ROOT)

 Address spaces:
Name               Size   Autos  Total    Cost      Usage
BITCOMMON            E      0       0       0        0.0%
EEDATA             100      0       0       0        0.0%
NULL                 0      0       0       0        0.0%
CODE                 0      0       0       0        0.0%
COMMON               E      0       0       1        0.0%
BITSFR0              0      0       0       1        0.0%
SFR0                 0      0       0       1        0.0%
BITSFR1              0      0       0       2        0.0%
SFR1                 0      0       0       2        0.0%
STACK                0      0       0       2        0.0%
ABS                  0      0       0       3        0.0%
BITBANK0            50      0       0       4        0.0%
BITSFR3              0      0       0       4        0.0%
SFR3                 0      0       0       4        0.0%
BANK0               50      0       0       5        0.0%
BITSFR2              0      0       0       5        0.0%
SFR2                 0      0       0       5        0.0%
BITBANK1            50      0       0       6        0.0%
BANK1               50      0       0       7        0.0%
BITBANK3            60      0       0       8        0.0%
BANK3               60      0       0       9        0.0%
BITBANK2            60      0       0      10        0.0%
BANK2               60      0       0      11        0.0%
DATA                 0      0       0      12        0.0%


Microchip Technology PIC Macro Assembler V1.45 build -152302408 
Symbol Table                                                                                   Thu Mar  1 18:30:32 2018

                    l487 07F6                     _main 07EA                     btemp 007E  
                   start 0000            __CFG_IESO$OFF 0000                    ?_main 0000  
          __CFG_WDTE$OFF 0000                    _SPBRG 0099                    _TXREG 0019  
         __CFG_FCMEN$OFF 0000                    status 0003                    wtemp0 007E  
        __initialization 07FC             __end_of_main 07FC                   ??_main 0000  
__end_of__initialization 07FC           __pcstackCOMMON 0000               __pmaintext 07EA  
   end_of_initialization 07FC                _RCSTAbits 0018                _TXSTAbits 0098  
    start_initialization 07FC                ___latbits 0002   __CFG_FOSC$INTRC_CLKOUT 0000  
               _PIR1bits 000C            __size_of_main 0012  
